Build started 31/03/2013 06:19:17 م.
     1>Project "C:\Users\Nona\Documents\Visual Studio 2010\Projects\ID assignment\ID assignment\ID assignment.vcxproj" on node 2 (build target(s)).
     1>InitializeBuildStatus:
         Creating "Debug\ID assignment.unsuccessfulbuild" because "AlwaysCreate" was specified.
       ClCompile:
         c:\Program Files (x86)\Microsoft Visual Studio 10.0\VC\bin\CL.exe /c /ZI /nologo /W3 /WX- /Od /Oy- /D WIN32 /D _DEBUG /D _CONSOLE /D _UNICODE /D UNICODE /Gm /EHsc /RTC1 /MDd /GS /fp:precise /Zc:wchar_t /Zc:forScope /Fo"Debug\\" /Fd"Debug\vc100.pdb" /Gd /TP /analyze- /errorReport:prompt 11.cpp
         11.cpp
       ManifestResourceCompile:
         All outputs are up-to-date.
       Link:
         c:\Program Files (x86)\Microsoft Visual Studio 10.0\VC\bin\link.exe /ERRORREPORT:PROMPT /OUT:"C:\Users\Nona\Documents\Visual Studio 2010\Projects\ID assignment\Debug\ID assignment.exe" /INCREMENTAL /NOLOGO kernel32.lib user32.lib gdi32.lib winspool.lib comdlg32.lib advapi32.lib shell32.lib ole32.lib oleaut32.lib uuid.lib odbc32.lib odbccp32.lib /MANIFEST /ManifestFile:"Debug\ID assignment.exe.intermediate.manifest" /MANIFESTUAC:"level='asInvoker' uiAccess='false'" /DEBUG /PDB:"C:\Users\Nona\Documents\Visual Studio 2010\Projects\ID assignment\Debug\ID assignment.pdb" /SUBSYSTEM:CONSOLE /TLBID:1 /DYNAMICBASE /NXCOMPAT /IMPLIB:"C:\Users\Nona\Documents\Visual Studio 2010\Projects\ID assignment\Debug\ID assignment.lib" /MACHINE:X86 "Debug\ID assignment.exe.embed.manifest.res"
         Debug\11.obj
       Manifest:
         C:\Program Files (x86)\Microsoft SDKs\Windows\v7.0A\bin\mt.exe /nologo /verbose /out:"Debug\ID assignment.exe.embed.manifest" /manifest "Debug\ID assignment.exe.intermediate.manifest"
         All outputs are up-to-date.
       LinkEmbedManifest:
         All outputs are up-to-date.
         ID assignment.vcxproj -> C:\Users\Nona\Documents\Visual Studio 2010\Projects\ID assignment\Debug\ID assignment.exe
       FinalizeBuildStatus:
         Deleting file "Debug\ID assignment.unsuccessfulbuild".
         Touching "Debug\ID assignment.lastbuildstate".
     1>Done Building Project "C:\Users\Nona\Documents\Visual Studio 2010\Projects\ID assignment\ID assignment\ID assignment.vcxproj" (build target(s)).

Build succeeded.

Time Elapsed 00:00:01.33
